# JRE version: Java(TM) SE Runtime Environment (8.0_131-b11) (build 1.8.0_131-b11)
# Java VM: Java HotSpot(TM) 64-Bit Server VM (25.131-b11 mixed mode windows-amd64 compressed oops)
Heap:
 PSYoungGen      total 36864K, used 21462K [0x00000000d6200000, 0x00000000d9480000, 0x0000000100000000)
  eden space 23040K, 78% used [0x00000000d6200000,0x00000000d738d970,0x00000000d7880000)
  from space 13824K, 25% used [0x00000000d8700000,0x00000000d8a68000,0x00000000d9480000)
  to   space 14336K, 0% used [0x00000000d7880000,0x00000000d7880000,0x00000000d8680000)
 ParOldGen       total 86016K, used 24381K [0x0000000082600000, 0x0000000087a00000, 0x00000000d6200000)
  object space 86016K, 28% used [0x0000000082600000,0x0000000083dcf528,0x0000000087a00000)
 Metaspace       used 26066K, capacity 27932K, committed 28160K, reserved 1073152K
  class space    used 3695K, capacity 4015K, committed 4096K, reserved 1048576K
GC Heap History (10 events):
Event: 15.305 GC heap before
{Heap before GC invocations=5 (full 1):
 PSYoungGen      total 37888K, used 37536K [0x00000000d6200000, 0x00000000d8c00000, 0x0000000100000000)
  eden space 32768K, 100% used [0x00000000d6200000,0x00000000d8200000,0x00000000d8200000)
  from space 5120K, 93% used [0x00000000d8200000,0x00000000d86a8000,0x00000000d8700000)
  to   space 5120K, 0% used [0x00000000d8700000,0x00000000d8700000,0x00000000d8c00000)
 ParOldGen       total 86016K, used 7290K [0x0000000082600000, 0x0000000087a00000, 0x00000000d6200000)
  object space 86016K, 8% used [0x0000000082600000,0x0000000082d1ebb8,0x0000000087a00000)
 Metaspace       used 24658K, capacity 26412K, committed 26624K, reserved 1073152K
  class space    used 3533K, capacity 3833K, committed 3840K, reserved 1048576K
Event: 15.319 GC heap after
Heap after GC invocations=5 (full 1):
 PSYoungGen      total 37888K, used 5120K [0x00000000d6200000, 0x00000000d8c00000, 0x0000000100000000)
  eden space 32768K, 0% used [0x00000000d6200000,0x00000000d6200000,0x00000000d8200000)
  from space 5120K, 100% used [0x00000000d8700000,0x00000000d8c00000,0x00000000d8c00000)
  to   space 5120K, 0% used [0x00000000d8200000,0x00000000d8200000,0x00000000d8700000)
 ParOldGen       total 86016K, used 14997K [0x0000000082600000, 0x0000000087a00000, 0x00000000d6200000)
  object space 86016K, 17% used [0x0000000082600000,0x00000000834a54c8,0x0000000087a00000)
 Metaspace       used 24658K, capacity 26412K, committed 26624K, reserved 1073152K
  class space    used 3533K, capacity 3833K, committed 3840K, reserved 1048576K
}
Event: 22.948 GC heap before
{Heap before GC invocations=6 (full 1):
 PSYoungGen      total 37888K, used 37888K [0x00000000d6200000, 0x00000000d8c00000, 0x0000000100000000)
  eden space 32768K, 100% used [0x00000000d6200000,0x00000000d8200000,0x00000000d8200000)
  from space 5120K, 100% used [0x00000000d8700000,0x00000000d8c00000,0x00000000d8c00000)
  to   space 5120K, 0% used [0x00000000d8200000,0x00000000d8200000,0x00000000d8700000)
 ParOldGen       total 86016K, used 14997K [0x0000000082600000, 0x0000000087a00000, 0x00000000d6200000)
  object space 86016K, 17% used [0x0000000082600000,0x00000000834a54c8,0x0000000087a00000)
 Metaspace       used 25392K, capacity 27196K, committed 27520K, reserved 1073152K
  class space    used 3572K, capacity 3887K, committed 3968K, reserved 1048576K
Event: 22.970 GC heap after
Heap after GC invocations=6 (full 1):
 PSYoungGen      total 37888K, used 5120K [0x00000000d6200000, 0x00000000d8c00000, 0x0000000100000000)
  eden space 32768K, 0% used [0x00000000d6200000,0x00000000d6200000,0x00000000d8200000)
  from space 5120K, 100% used [0x00000000d8200000,0x00000000d8700000,0x00000000d8700000)
  to   space 5120K, 0% used [0x00000000d8700000,0x00000000d8700000,0x00000000d8c00000)
 ParOldGen       total 86016K, used 22613K [0x0000000082600000, 0x0000000087a00000, 0x00000000d6200000)
  object space 86016K, 26% used [0x0000000082600000,0x0000000083c154d8,0x0000000087a00000)
 Metaspace       used 25392K, capacity 27196K, committed 27520K, reserved 1073152K
  class space    used 3572K, capacity 3887K, committed 3968K, reserved 1048576K
}
Event: 359.451 GC heap before
{Heap before GC invocations=7 (full 1):
 PSYoungGen      total 37888K, used 37888K [0x00000000d6200000, 0x00000000d8c00000, 0x0000000100000000)
  eden space 32768K, 100% used [0x00000000d6200000,0x00000000d8200000,0x00000000d8200000)
  from space 5120K, 100% used [0x00000000d8200000,0x00000000d8700000,0x00000000d8700000)
  to   space 5120K, 0% used [0x00000000d8700000,0x00000000d8700000,0x00000000d8c00000)
 ParOldGen       total 86016K, used 22613K [0x0000000082600000, 0x0000000087a00000, 0x00000000d6200000)
  object space 86016K, 26% used [0x0000000082600000,0x0000000083c154d8,0x0000000087a00000)
 Metaspace       used 25491K, capacity 27260K, committed 27520K, reserved 1073152K
  class space    used 3573K, capacity 3887K, committed 3968K, reserved 1048576K
Event: 359.458 GC heap after
Heap after GC invocations=7 (full 1):
 PSYoungGen      total 28160K, used 5120K [0x00000000d6200000, 0x00000000d9e80000, 0x0000000100000000)
  eden space 23040K, 0% used [0x00000000d6200000,0x00000000d6200000,0x00000000d7880000)
  from space 5120K, 100% used [0x00000000d8700000,0x00000000d8c00000,0x00000000d8c00000)
  to   space 14848K, 0% used [0x00000000d7880000,0x00000000d7880000,0x00000000d8700000)
 ParOldGen       total 86016K, used 22653K [0x0000000082600000, 0x0000000087a00000, 0x00000000d6200000)
  object space 86016K, 26% used [0x0000000082600000,0x0000000083c1f4d8,0x0000000087a00000)
 Metaspace       used 25491K, capacity 27260K, committed 27520K, reserved 1073152K
  class space    used 3573K, capacity 3887K, committed 3968K, reserved 1048576K
}
Event: 601.519 GC heap before
{Heap before GC invocations=8 (full 1):
 PSYoungGen      total 28160K, used 28160K [0x00000000d6200000, 0x00000000d9e80000, 0x0000000100000000)
  eden space 23040K, 100% used [0x00000000d6200000,0x00000000d7880000,0x00000000d7880000)
  from space 5120K, 100% used [0x00000000d8700000,0x00000000d8c00000,0x00000000d8c00000)
  to   space 14848K, 0% used [0x00000000d7880000,0x00000000d7880000,0x00000000d8700000)
 ParOldGen       total 86016K, used 22653K [0x0000000082600000, 0x0000000087a00000, 0x00000000d6200000)
  object space 86016K, 26% used [0x0000000082600000,0x0000000083c1f4d8,0x0000000087a00000)
 Metaspace       used 25492K, capacity 27260K, committed 27520K, reserved 1073152K
  class space    used 3573K, capacity 3887K, committed 3968K, reserved 1048576K
Event: 601.526 GC heap after
Heap after GC invocations=8 (full 1):
 PSYoungGen      total 37888K, used 5152K [0x00000000d6200000, 0x00000000d9580000, 0x0000000100000000)
  eden space 23040K, 0% used [0x00000000d6200000,0x00000000d6200000,0x00000000d7880000)
  from space 14848K, 34% used [0x00000000d7880000,0x00000000d7d88000,0x00000000d8700000)
  to   space 14848K, 0% used [0x00000000d8700000,0x00000000d8700000,0x00000000d9580000)
 ParOldGen       total 86016K, used 22661K [0x0000000082600000, 0x0000000087a00000, 0x00000000d6200000)
  object space 86016K, 26% used [0x0000000082600000,0x0000000083c214d8,0x0000000087a00000)
 Metaspace       used 25492K, capacity 27260K, committed 27520K, reserved 1073152K
  class space    used 3573K, capacity 3887K, committed 3968K, reserved 1048576K
}
Event: 843.131 GC heap before
{Heap before GC invocations=9 (full 1):
 PSYoungGen      total 37888K, used 28192K [0x00000000d6200000, 0x00000000d9580000, 0x0000000100000000)
  eden space 23040K, 100% used [0x00000000d6200000,0x00000000d7880000,0x00000000d7880000)
  from space 14848K, 34% used [0x00000000d7880000,0x00000000d7d88000,0x00000000d8700000)
  to   space 14848K, 0% used [0x00000000d8700000,0x00000000d8700000,0x00000000d9580000)
 ParOldGen       total 86016K, used 22661K [0x0000000082600000, 0x0000000087a00000, 0x00000000d6200000)
  object space 86016K, 26% used [0x0000000082600000,0x0000000083c214d8,0x0000000087a00000)
 Metaspace       used 25496K, capacity 27260K, committed 27520K, reserved 1073152K
  class space    used 3573K, capacity 3887K, committed 3968K, reserved 1048576K
Event: 843.140 GC heap after
Heap after GC invocations=9 (full 1):
 PSYoungGen      total 36864K, used 3488K [0x00000000d6200000, 0x00000000d9480000, 0x0000000100000000)
  eden space 23040K, 0% used [0x00000000d6200000,0x00000000d6200000,0x00000000d7880000)
  from space 13824K, 25% used [0x00000000d8700000,0x00000000d8a68000,0x00000000d9480000)
  to   space 14336K, 0% used [0x00000000d7880000,0x00000000d7880000,0x00000000d8680000)
 ParOldGen       total 86016K, used 24381K [0x0000000082600000, 0x0000000087a00000, 0x00000000d6200000)
  object space 86016K, 28% used [0x0000000082600000,0x0000000083dcf528,0x0000000087a00000)
 Metaspace       used 25496K, capacity 27260K, committed 27520K, reserved 1073152K
  class space    used 3573K, capacity 3887K, committed 3968K, reserved 1048576K
}

