# JRE version: Java(TM) SE Runtime Environment (8.0_131-b11) (build 1.8.0_131-b11)
# Java VM: Java HotSpot(TM) 64-Bit Server VM (25.131-b11 mixed mode windows-amd64 compressed oops)
Heap:
 PSYoungGen      total 47104K, used 41061K [0x00000000d6200000, 0x00000000da300000, 0x0000000100000000)
  eden space 41984K, 85% used [0x00000000d6200000,0x00000000d8519550,0x00000000d8b00000)
  from space 5120K, 100% used [0x00000000d8d80000,0x00000000d9280000,0x00000000d9280000)
  to   space 12288K, 0% used [0x00000000d9700000,0x00000000d9700000,0x00000000da300000)
 ParOldGen       total 71168K, used 22246K [0x0000000082600000, 0x0000000086b80000, 0x00000000d6200000)
  object space 71168K, 31% used [0x0000000082600000,0x0000000083bb9a38,0x0000000086b80000)
 Metaspace       used 26350K, capacity 28216K, committed 28416K, reserved 1073152K
  class space    used 3694K, capacity 4009K, committed 4096K, reserved 1048576K
GC Heap History (10 events):
Event: 2.525 GC heap before
{Heap before GC invocations=2 (full 0):
 PSYoungGen      total 37888K, used 24801K [0x00000000d6200000, 0x00000000d8c00000, 0x0000000100000000)
  eden space 32768K, 60% used [0x00000000d6200000,0x00000000d753fbd0,0x00000000d8200000)
  from space 5120K, 99% used [0x00000000d8200000,0x00000000d86f8ae0,0x00000000d8700000)
  to   space 5120K, 0% used [0x00000000d8700000,0x00000000d8700000,0x00000000d8c00000)
 ParOldGen       total 86016K, used 1191K [0x0000000082600000, 0x0000000087a00000, 0x00000000d6200000)
  object space 86016K, 1% used [0x0000000082600000,0x0000000082729df0,0x0000000087a00000)
 Metaspace       used 19988K, capacity 21084K, committed 21248K, reserved 1067008K
  class space    used 2991K, capacity 3223K, committed 3328K, reserved 1048576K
Event: 2.532 GC heap after
Heap after GC invocations=2 (full 0):
 PSYoungGen      total 37888K, used 5088K [0x00000000d6200000, 0x00000000d8c00000, 0x0000000100000000)
  eden space 32768K, 0% used [0x00000000d6200000,0x00000000d6200000,0x00000000d8200000)
  from space 5120K, 99% used [0x00000000d8700000,0x00000000d8bf8030,0x00000000d8c00000)
  to   space 5120K, 0% used [0x00000000d8200000,0x00000000d8200000,0x00000000d8700000)
 ParOldGen       total 86016K, used 6162K [0x0000000082600000, 0x0000000087a00000, 0x00000000d6200000)
  object space 86016K, 7% used [0x0000000082600000,0x0000000082c048a0,0x0000000087a00000)
 Metaspace       used 19988K, capacity 21084K, committed 21248K, reserved 1067008K
  class space    used 2991K, capacity 3223K, committed 3328K, reserved 1048576K
}
Event: 2.532 GC heap before
{Heap before GC invocations=3 (full 1):
 PSYoungGen      total 37888K, used 5088K [0x00000000d6200000, 0x00000000d8c00000, 0x0000000100000000)
  eden space 32768K, 0% used [0x00000000d6200000,0x00000000d6200000,0x00000000d8200000)
  from space 5120K, 99% used [0x00000000d8700000,0x00000000d8bf8030,0x00000000d8c00000)
  to   space 5120K, 0% used [0x00000000d8200000,0x00000000d8200000,0x00000000d8700000)
 ParOldGen       total 86016K, used 6162K [0x0000000082600000, 0x0000000087a00000, 0x00000000d6200000)
  object space 86016K, 7% used [0x0000000082600000,0x0000000082c048a0,0x0000000087a00000)
 Metaspace       used 19988K, capacity 21084K, committed 21248K, reserved 1067008K
  class space    used 2991K, capacity 3223K, committed 3328K, reserved 1048576K
Event: 2.564 GC heap after
Heap after GC invocations=3 (full 1):
 PSYoungGen      total 37888K, used 0K [0x00000000d6200000, 0x00000000d8c00000, 0x0000000100000000)
  eden space 32768K, 0% used [0x00000000d6200000,0x00000000d6200000,0x00000000d8200000)
  from space 5120K, 0% used [0x00000000d8700000,0x00000000d8700000,0x00000000d8c00000)
  to   space 5120K, 0% used [0x00000000d8200000,0x00000000d8200000,0x00000000d8700000)
 ParOldGen       total 71168K, used 8844K [0x0000000082600000, 0x0000000086b80000, 0x00000000d6200000)
  object space 71168K, 12% used [0x0000000082600000,0x0000000082ea3118,0x0000000086b80000)
 Metaspace       used 19988K, capacity 21084K, committed 21248K, reserved 1067008K
  class space    used 2991K, capacity 3223K, committed 3328K, reserved 1048576K
}
Event: 3.488 GC heap before
{Heap before GC invocations=4 (full 1):
 PSYoungGen      total 37888K, used 32768K [0x00000000d6200000, 0x00000000d8c00000, 0x0000000100000000)
  eden space 32768K, 100% used [0x00000000d6200000,0x00000000d8200000,0x00000000d8200000)
  from space 5120K, 0% used [0x00000000d8700000,0x00000000d8700000,0x00000000d8c00000)
  to   space 5120K, 0% used [0x00000000d8200000,0x00000000d8200000,0x00000000d8700000)
 ParOldGen       total 71168K, used 8844K [0x0000000082600000, 0x0000000086b80000, 0x00000000d6200000)
  object space 71168K, 12% used [0x0000000082600000,0x0000000082ea3118,0x0000000086b80000)
 Metaspace       used 22976K, capacity 24662K, committed 24832K, reserved 1071104K
  class space    used 3433K, capacity 3738K, committed 3840K, reserved 1048576K
Event: 3.499 GC heap after
Heap after GC invocations=4 (full 1):
 PSYoungGen      total 37888K, used 5120K [0x00000000d6200000, 0x00000000d9780000, 0x0000000100000000)
  eden space 32768K, 0% used [0x00000000d6200000,0x00000000d6200000,0x00000000d8200000)
  from space 5120K, 100% used [0x00000000d8200000,0x00000000d8700000,0x00000000d8700000)
  to   space 5120K, 0% used [0x00000000d9280000,0x00000000d9280000,0x00000000d9780000)
 ParOldGen       total 71168K, used 11636K [0x0000000082600000, 0x0000000086b80000, 0x00000000d6200000)
  object space 71168K, 16% used [0x0000000082600000,0x000000008315d118,0x0000000086b80000)
 Metaspace       used 22976K, capacity 24662K, committed 24832K, reserved 1071104K
  class space    used 3433K, capacity 3738K, committed 3840K, reserved 1048576K
}
Event: 37.215 GC heap before
{Heap before GC invocations=5 (full 1):
 PSYoungGen      total 37888K, used 37888K [0x00000000d6200000, 0x00000000d9780000, 0x0000000100000000)
  eden space 32768K, 100% used [0x00000000d6200000,0x00000000d8200000,0x00000000d8200000)
  from space 5120K, 100% used [0x00000000d8200000,0x00000000d8700000,0x00000000d8700000)
  to   space 5120K, 0% used [0x00000000d9280000,0x00000000d9280000,0x00000000d9780000)
 ParOldGen       total 71168K, used 11636K [0x0000000082600000, 0x0000000086b80000, 0x00000000d6200000)
  object space 71168K, 16% used [0x0000000082600000,0x000000008315d118,0x0000000086b80000)
 Metaspace       used 24985K, capacity 26712K, committed 26880K, reserved 1073152K
  class space    used 3530K, capacity 3833K, committed 3840K, reserved 1048576K
Event: 37.230 GC heap after
Heap after GC invocations=5 (full 1):
 PSYoungGen      total 47616K, used 5120K [0x00000000d6200000, 0x00000000d9780000, 0x0000000100000000)
  eden space 42496K, 0% used [0x00000000d6200000,0x00000000d6200000,0x00000000d8b80000)
  from space 5120K, 100% used [0x00000000d9280000,0x00000000d9780000,0x00000000d9780000)
  to   space 5120K, 0% used [0x00000000d8d80000,0x00000000d8d80000,0x00000000d9280000)
 ParOldGen       total 71168K, used 17260K [0x0000000082600000, 0x0000000086b80000, 0x00000000d6200000)
  object space 71168K, 24% used [0x0000000082600000,0x00000000836db148,0x0000000086b80000)
 Metaspace       used 24985K, capacity 26712K, committed 26880K, reserved 1073152K
  class space    used 3530K, capacity 3833K, committed 3840K, reserved 1048576K
}
Event: 57.519 GC heap before
{Heap before GC invocations=6 (full 1):
 PSYoungGen      total 47616K, used 47616K [0x00000000d6200000, 0x00000000d9780000, 0x0000000100000000)
  eden space 42496K, 100% used [0x00000000d6200000,0x00000000d8b80000,0x00000000d8b80000)
  from space 5120K, 100% used [0x00000000d9280000,0x00000000d9780000,0x00000000d9780000)
  to   space 5120K, 0% used [0x00000000d8d80000,0x00000000d8d80000,0x00000000d9280000)
 ParOldGen       total 71168K, used 17260K [0x0000000082600000, 0x0000000086b80000, 0x00000000d6200000)
  object space 71168K, 24% used [0x0000000082600000,0x00000000836db148,0x0000000086b80000)
 Metaspace       used 25681K, capacity 27458K, committed 27776K, reserved 1073152K
  class space    used 3572K, capacity 3888K, committed 3968K, reserved 1048576K
Event: 57.536 GC heap after
Heap after GC invocations=6 (full 1):
 PSYoungGen      total 47104K, used 5120K [0x00000000d6200000, 0x00000000da300000, 0x0000000100000000)
  eden space 41984K, 0% used [0x00000000d6200000,0x00000000d6200000,0x00000000d8b00000)
  from space 5120K, 100% used [0x00000000d8d80000,0x00000000d9280000,0x00000000d9280000)
  to   space 12288K, 0% used [0x00000000d9700000,0x00000000d9700000,0x00000000da300000)
 ParOldGen       total 71168K, used 22246K [0x0000000082600000, 0x0000000086b80000, 0x00000000d6200000)
  object space 71168K, 31% used [0x0000000082600000,0x0000000083bb9a38,0x0000000086b80000)
 Metaspace       used 25681K, capacity 27458K, committed 27776K, reserved 1073152K
  class space    used 3572K, capacity 3888K, committed 3968K, reserved 1048576K
}

