# JRE version: Java(TM) SE Runtime Environment (8.0_131-b11) (build 1.8.0_131-b11)
# Java VM: Java HotSpot(TM) 64-Bit Server VM (25.131-b11 mixed mode windows-amd64 compressed oops)
Heap:
 PSYoungGen      total 37888K, used 13116K [0x00000000d6200000, 0x00000000d8c00000, 0x0000000100000000)
  eden space 32768K, 24% used [0x00000000d6200000,0x00000000d69cf1f8,0x00000000d8200000)
  from space 5120K, 100% used [0x00000000d8200000,0x00000000d8700000,0x00000000d8700000)
  to   space 5120K, 0% used [0x00000000d8700000,0x00000000d8700000,0x00000000d8c00000)
 ParOldGen       total 86016K, used 21525K [0x0000000082600000, 0x0000000087a00000, 0x00000000d6200000)
  object space 86016K, 25% used [0x0000000082600000,0x0000000083b05448,0x0000000087a00000)
 Metaspace       used 25901K, capacity 27758K, committed 27904K, reserved 1073152K
  class space    used 3688K, capacity 4008K, committed 4096K, reserved 1048576K
GC Heap History (10 events):
Event: 1.451 GC heap before
{Heap before GC invocations=2 (full 0):
 PSYoungGen      total 37888K, used 9809K [0x00000000d6200000, 0x00000000d8c00000, 0x0000000100000000)
  eden space 32768K, 14% used [0x00000000d6200000,0x00000000d6697d28,0x00000000d8200000)
  from space 5120K, 99% used [0x00000000d8200000,0x00000000d86fcad0,0x00000000d8700000)
  to   space 5120K, 0% used [0x00000000d8700000,0x00000000d8700000,0x00000000d8c00000)
 ParOldGen       total 86016K, used 1177K [0x0000000082600000, 0x0000000087a00000, 0x00000000d6200000)
  object space 86016K, 1% used [0x0000000082600000,0x0000000082726600,0x0000000087a00000)
 Metaspace       used 16741K, capacity 17442K, committed 17536K, reserved 1064960K
  class space    used 2468K, capacity 2634K, committed 2688K, reserved 1048576K
Event: 1.456 GC heap after
Heap after GC invocations=2 (full 0):
 PSYoungGen      total 37888K, used 5088K [0x00000000d6200000, 0x00000000d8c00000, 0x0000000100000000)
  eden space 32768K, 0% used [0x00000000d6200000,0x00000000d6200000,0x00000000d8200000)
  from space 5120K, 99% used [0x00000000d8700000,0x00000000d8bf8040,0x00000000d8c00000)
  to   space 5120K, 0% used [0x00000000d8200000,0x00000000d8200000,0x00000000d8700000)
 ParOldGen       total 86016K, used 2566K [0x0000000082600000, 0x0000000087a00000, 0x00000000d6200000)
  object space 86016K, 2% used [0x0000000082600000,0x0000000082881b50,0x0000000087a00000)
 Metaspace       used 16741K, capacity 17442K, committed 17536K, reserved 1064960K
  class space    used 2468K, capacity 2634K, committed 2688K, reserved 1048576K
}
Event: 1.456 GC heap before
{Heap before GC invocations=3 (full 1):
 PSYoungGen      total 37888K, used 5088K [0x00000000d6200000, 0x00000000d8c00000, 0x0000000100000000)
  eden space 32768K, 0% used [0x00000000d6200000,0x00000000d6200000,0x00000000d8200000)
  from space 5120K, 99% used [0x00000000d8700000,0x00000000d8bf8040,0x00000000d8c00000)
  to   space 5120K, 0% used [0x00000000d8200000,0x00000000d8200000,0x00000000d8700000)
 ParOldGen       total 86016K, used 2566K [0x0000000082600000, 0x0000000087a00000, 0x00000000d6200000)
  object space 86016K, 2% used [0x0000000082600000,0x0000000082881b50,0x0000000087a00000)
 Metaspace       used 16741K, capacity 17442K, committed 17536K, reserved 1064960K
  class space    used 2468K, capacity 2634K, committed 2688K, reserved 1048576K
Event: 1.494 GC heap after
Heap after GC invocations=3 (full 1):
 PSYoungGen      total 37888K, used 0K [0x00000000d6200000, 0x00000000d8c00000, 0x0000000100000000)
  eden space 32768K, 0% used [0x00000000d6200000,0x00000000d6200000,0x00000000d8200000)
  from space 5120K, 0% used [0x00000000d8700000,0x00000000d8700000,0x00000000d8c00000)
  to   space 5120K, 0% used [0x00000000d8200000,0x00000000d8200000,0x00000000d8700000)
 ParOldGen       total 86016K, used 7282K [0x0000000082600000, 0x0000000087a00000, 0x00000000d6200000)
  object space 86016K, 8% used [0x0000000082600000,0x0000000082d1caf8,0x0000000087a00000)
 Metaspace       used 16741K, capacity 17442K, committed 17536K, reserved 1064960K
  class space    used 2468K, capacity 2634K, committed 2688K, reserved 1048576K
}
Event: 2.984 GC heap before
{Heap before GC invocations=4 (full 1):
 PSYoungGen      total 37888K, used 32768K [0x00000000d6200000, 0x00000000d8c00000, 0x0000000100000000)
  eden space 32768K, 100% used [0x00000000d6200000,0x00000000d8200000,0x00000000d8200000)
  from space 5120K, 0% used [0x00000000d8700000,0x00000000d8700000,0x00000000d8c00000)
  to   space 5120K, 0% used [0x00000000d8200000,0x00000000d8200000,0x00000000d8700000)
 ParOldGen       total 86016K, used 7282K [0x0000000082600000, 0x0000000087a00000, 0x00000000d6200000)
  object space 86016K, 8% used [0x0000000082600000,0x0000000082d1caf8,0x0000000087a00000)
 Metaspace       used 22031K, capacity 23472K, committed 23680K, reserved 1069056K
  class space    used 3320K, capacity 3589K, committed 3712K, reserved 1048576K
Event: 2.991 GC heap after
Heap after GC invocations=4 (full 1):
 PSYoungGen      total 37888K, used 4768K [0x00000000d6200000, 0x00000000d8c00000, 0x0000000100000000)
  eden space 32768K, 0% used [0x00000000d6200000,0x00000000d6200000,0x00000000d8200000)
  from space 5120K, 93% used [0x00000000d8200000,0x00000000d86a8000,0x00000000d8700000)
  to   space 5120K, 0% used [0x00000000d8700000,0x00000000d8700000,0x00000000d8c00000)
 ParOldGen       total 86016K, used 7290K [0x0000000082600000, 0x0000000087a00000, 0x00000000d6200000)
  object space 86016K, 8% used [0x0000000082600000,0x0000000082d1eaf8,0x0000000087a00000)
 Metaspace       used 22031K, capacity 23472K, committed 23680K, reserved 1069056K
  class space    used 3320K, capacity 3589K, committed 3712K, reserved 1048576K
}
Event: 23.067 GC heap before
{Heap before GC invocations=5 (full 1):
 PSYoungGen      total 37888K, used 37536K [0x00000000d6200000, 0x00000000d8c00000, 0x0000000100000000)
  eden space 32768K, 100% used [0x00000000d6200000,0x00000000d8200000,0x00000000d8200000)
  from space 5120K, 93% used [0x00000000d8200000,0x00000000d86a8000,0x00000000d8700000)
  to   space 5120K, 0% used [0x00000000d8700000,0x00000000d8700000,0x00000000d8c00000)
 ParOldGen       total 86016K, used 7290K [0x0000000082600000, 0x0000000087a00000, 0x00000000d6200000)
  object space 86016K, 8% used [0x0000000082600000,0x0000000082d1eaf8,0x0000000087a00000)
 Metaspace       used 24548K, capacity 26308K, committed 26368K, reserved 1071104K
  class space    used 3519K, capacity 3823K, committed 3840K, reserved 1048576K
Event: 23.083 GC heap after
Heap after GC invocations=5 (full 1):
 PSYoungGen      total 37888K, used 5120K [0x00000000d6200000, 0x00000000d8c00000, 0x0000000100000000)
  eden space 32768K, 0% used [0x00000000d6200000,0x00000000d6200000,0x00000000d8200000)
  from space 5120K, 100% used [0x00000000d8700000,0x00000000d8c00000,0x00000000d8c00000)
  to   space 5120K, 0% used [0x00000000d8200000,0x00000000d8200000,0x00000000d8700000)
 ParOldGen       total 86016K, used 14732K [0x0000000082600000, 0x0000000087a00000, 0x00000000d6200000)
  object space 86016K, 17% used [0x0000000082600000,0x00000000834633f8,0x0000000087a00000)
 Metaspace       used 24548K, capacity 26308K, committed 26368K, reserved 1071104K
  class space    used 3519K, capacity 3823K, committed 3840K, reserved 1048576K
}
Event: 32.192 GC heap before
{Heap before GC invocations=6 (full 1):
 PSYoungGen      total 37888K, used 37888K [0x00000000d6200000, 0x00000000d8c00000, 0x0000000100000000)
  eden space 32768K, 100% used [0x00000000d6200000,0x00000000d8200000,0x00000000d8200000)
  from space 5120K, 100% used [0x00000000d8700000,0x00000000d8c00000,0x00000000d8c00000)
  to   space 5120K, 0% used [0x00000000d8200000,0x00000000d8200000,0x00000000d8700000)
 ParOldGen       total 86016K, used 14732K [0x0000000082600000, 0x0000000087a00000, 0x00000000d6200000)
  object space 86016K, 17% used [0x0000000082600000,0x00000000834633f8,0x0000000087a00000)
 Metaspace       used 25324K, capacity 27124K, committed 27264K, reserved 1073152K
  class space    used 3568K, capacity 3887K, committed 3968K, reserved 1048576K
Event: 32.207 GC heap after
Heap after GC invocations=6 (full 1):
 PSYoungGen      total 37888K, used 5120K [0x00000000d6200000, 0x00000000d8c00000, 0x0000000100000000)
  eden space 32768K, 0% used [0x00000000d6200000,0x00000000d6200000,0x00000000d8200000)
  from space 5120K, 100% used [0x00000000d8200000,0x00000000d8700000,0x00000000d8700000)
  to   space 5120K, 0% used [0x00000000d8700000,0x00000000d8700000,0x00000000d8c00000)
 ParOldGen       total 86016K, used 21525K [0x0000000082600000, 0x0000000087a00000, 0x00000000d6200000)
  object space 86016K, 25% used [0x0000000082600000,0x0000000083b05448,0x0000000087a00000)
 Metaspace       used 25324K, capacity 27124K, committed 27264K, reserved 1073152K
  class space    used 3568K, capacity 3887K, committed 3968K, reserved 1048576K
}

