# JRE version: Java(TM) SE Runtime Environment (8.0_131-b11) (build 1.8.0_131-b11)
# Java VM: Java HotSpot(TM) 64-Bit Server VM (25.131-b11 mixed mode windows-amd64 compressed oops)
Heap:
 PSYoungGen      total 37888K, used 28786K [0x00000000d6200000, 0x00000000d9800000, 0x0000000100000000)
  eden space 32768K, 72% used [0x00000000d6200000,0x00000000d791cad8,0x00000000d8200000)
  from space 5120K, 100% used [0x00000000d8200000,0x00000000d8700000,0x00000000d8700000)
  to   space 5120K, 0% used [0x00000000d9300000,0x00000000d9300000,0x00000000d9800000)
 ParOldGen       total 68096K, used 12011K [0x0000000082600000, 0x0000000086880000, 0x00000000d6200000)
  object space 68096K, 17% used [0x0000000082600000,0x00000000831badf0,0x0000000086880000)
 Metaspace       used 25218K, capacity 27106K, committed 27392K, reserved 1073152K
  class space    used 3648K, capacity 3984K, committed 4096K, reserved 1048576K
GC Heap History (8 events):
Event: 0.902 GC heap before
{Heap before GC invocations=1 (full 0):
 PSYoungGen      total 37888K, used 32704K [0x00000000d6200000, 0x00000000d8c00000, 0x0000000100000000)
  eden space 32768K, 99% used [0x00000000d6200000,0x00000000d81f0118,0x00000000d8200000)
  from space 5120K, 0% used [0x00000000d8700000,0x00000000d8700000,0x00000000d8c00000)
  to   space 5120K, 0% used [0x00000000d8200000,0x00000000d8200000,0x00000000d8700000)
 ParOldGen       total 86016K, used 0K [0x0000000082600000, 0x0000000087a00000, 0x00000000d6200000)
  object space 86016K, 0% used [0x0000000082600000,0x0000000082600000,0x0000000087a00000)
 Metaspace       used 14917K, capacity 15578K, committed 15744K, reserved 1062912K
  class space    used 2222K, capacity 2400K, committed 2432K, reserved 1048576K
Event: 0.909 GC heap after
Heap after GC invocations=1 (full 0):
 PSYoungGen      total 37888K, used 5106K [0x00000000d6200000, 0x00000000d8c00000, 0x0000000100000000)
  eden space 32768K, 0% used [0x00000000d6200000,0x00000000d6200000,0x00000000d8200000)
  from space 5120K, 99% used [0x00000000d8200000,0x00000000d86fcad0,0x00000000d8700000)
  to   space 5120K, 0% used [0x00000000d8700000,0x00000000d8700000,0x00000000d8c00000)
 ParOldGen       total 86016K, used 3231K [0x0000000082600000, 0x0000000087a00000, 0x00000000d6200000)
  object space 86016K, 3% used [0x0000000082600000,0x0000000082927e00,0x0000000087a00000)
 Metaspace       used 14917K, capacity 15578K, committed 15744K, reserved 1062912K
  class space    used 2222K, capacity 2400K, committed 2432K, reserved 1048576K
}
Event: 1.868 GC heap before
{Heap before GC invocations=2 (full 0):
 PSYoungGen      total 37888K, used 24809K [0x00000000d6200000, 0x00000000d8c00000, 0x0000000100000000)
  eden space 32768K, 60% used [0x00000000d6200000,0x00000000d753dc80,0x00000000d8200000)
  from space 5120K, 99% used [0x00000000d8200000,0x00000000d86fcad0,0x00000000d8700000)
  to   space 5120K, 0% used [0x00000000d8700000,0x00000000d8700000,0x00000000d8c00000)
 ParOldGen       total 86016K, used 3231K [0x0000000082600000, 0x0000000087a00000, 0x00000000d6200000)
  object space 86016K, 3% used [0x0000000082600000,0x0000000082927e00,0x0000000087a00000)
 Metaspace       used 20065K, capacity 21140K, committed 21248K, reserved 1067008K
  class space    used 2995K, capacity 3223K, committed 3328K, reserved 1048576K
Event: 1.875 GC heap after
Heap after GC invocations=2 (full 0):
 PSYoungGen      total 37888K, used 5088K [0x00000000d6200000, 0x00000000d8c00000, 0x0000000100000000)
  eden space 32768K, 0% used [0x00000000d6200000,0x00000000d6200000,0x00000000d8200000)
  from space 5120K, 99% used [0x00000000d8700000,0x00000000d8bf8050,0x00000000d8c00000)
  to   space 5120K, 0% used [0x00000000d8200000,0x00000000d8200000,0x00000000d8700000)
 ParOldGen       total 86016K, used 6194K [0x0000000082600000, 0x0000000087a00000, 0x00000000d6200000)
  object space 86016K, 7% used [0x0000000082600000,0x0000000082c0c900,0x0000000087a00000)
 Metaspace       used 20065K, capacity 21140K, committed 21248K, reserved 1067008K
  class space    used 2995K, capacity 3223K, committed 3328K, reserved 1048576K
}
Event: 1.875 GC heap before
{Heap before GC invocations=3 (full 1):
 PSYoungGen      total 37888K, used 5088K [0x00000000d6200000, 0x00000000d8c00000, 0x0000000100000000)
  eden space 32768K, 0% used [0x00000000d6200000,0x00000000d6200000,0x00000000d8200000)
  from space 5120K, 99% used [0x00000000d8700000,0x00000000d8bf8050,0x00000000d8c00000)
  to   space 5120K, 0% used [0x00000000d8200000,0x00000000d8200000,0x00000000d8700000)
 ParOldGen       total 86016K, used 6194K [0x0000000082600000, 0x0000000087a00000, 0x00000000d6200000)
  object space 86016K, 7% used [0x0000000082600000,0x0000000082c0c900,0x0000000087a00000)
 Metaspace       used 20065K, capacity 21140K, committed 21248K, reserved 1067008K
  class space    used 2995K, capacity 3223K, committed 3328K, reserved 1048576K
Event: 1.907 GC heap after
Heap after GC invocations=3 (full 1):
 PSYoungGen      total 37888K, used 0K [0x00000000d6200000, 0x00000000d8c00000, 0x0000000100000000)
  eden space 32768K, 0% used [0x00000000d6200000,0x00000000d6200000,0x00000000d8200000)
  from space 5120K, 0% used [0x00000000d8700000,0x00000000d8700000,0x00000000d8c00000)
  to   space 5120K, 0% used [0x00000000d8200000,0x00000000d8200000,0x00000000d8700000)
 ParOldGen       total 68096K, used 8859K [0x0000000082600000, 0x0000000086880000, 0x00000000d6200000)
  object space 68096K, 13% used [0x0000000082600000,0x0000000082ea6df0,0x0000000086880000)
 Metaspace       used 20065K, capacity 21140K, committed 21248K, reserved 1067008K
  class space    used 2995K, capacity 3223K, committed 3328K, reserved 1048576K
}
Event: 2.776 GC heap before
{Heap before GC invocations=4 (full 1):
 PSYoungGen      total 37888K, used 32768K [0x00000000d6200000, 0x00000000d8c00000, 0x0000000100000000)
  eden space 32768K, 100% used [0x00000000d6200000,0x00000000d8200000,0x00000000d8200000)
  from space 5120K, 0% used [0x00000000d8700000,0x00000000d8700000,0x00000000d8c00000)
  to   space 5120K, 0% used [0x00000000d8200000,0x00000000d8200000,0x00000000d8700000)
 ParOldGen       total 68096K, used 8859K [0x0000000082600000, 0x0000000086880000, 0x00000000d6200000)
  object space 68096K, 13% used [0x0000000082600000,0x0000000082ea6df0,0x0000000086880000)
 Metaspace       used 22899K, capacity 24560K, committed 24832K, reserved 1071104K
  class space    used 3431K, capacity 3733K, committed 3840K, reserved 1048576K
Event: 2.790 GC heap after
Heap after GC invocations=4 (full 1):
 PSYoungGen      total 37888K, used 5120K [0x00000000d6200000, 0x00000000d9800000, 0x0000000100000000)
  eden space 32768K, 0% used [0x00000000d6200000,0x00000000d6200000,0x00000000d8200000)
  from space 5120K, 100% used [0x00000000d8200000,0x00000000d8700000,0x00000000d8700000)
  to   space 5120K, 0% used [0x00000000d9300000,0x00000000d9300000,0x00000000d9800000)
 ParOldGen       total 68096K, used 12011K [0x0000000082600000, 0x0000000086880000, 0x00000000d6200000)
  object space 68096K, 17% used [0x0000000082600000,0x00000000831badf0,0x0000000086880000)
 Metaspace       used 22899K, capacity 24560K, committed 24832K, reserved 1071104K
  class space    used 3431K, capacity 3733K, committed 3840K, reserved 1048576K
}

