# JRE version: Java(TM) SE Runtime Environment (8.0_131-b11) (build 1.8.0_131-b11)
# Java VM: Java HotSpot(TM) 64-Bit Server VM (25.131-b11 mixed mode windows-amd64 compressed oops)
Heap:
 PSYoungGen      total 37888K, used 6628K [0x00000000d6200000, 0x00000000d9880000, 0x0000000100000000)
  eden space 32768K, 4% used [0x00000000d6200000,0x00000000d6379260,0x00000000d8200000)
  from space 5120K, 100% used [0x00000000d9380000,0x00000000d9880000,0x00000000d9880000)
  to   space 5120K, 0% used [0x00000000d8200000,0x00000000d8200000,0x00000000d8700000)
 ParOldGen       total 68096K, used 15649K [0x0000000082600000, 0x0000000086880000, 0x00000000d6200000)
  object space 68096K, 22% used [0x0000000082600000,0x0000000083548750,0x0000000086880000)
 Metaspace       used 25338K, capacity 27162K, committed 27392K, reserved 1073152K
  class space    used 3649K, capacity 3984K, committed 4096K, reserved 1048576K
GC Heap History (10 events):
Event: 0.892 GC heap before
{Heap before GC invocations=1 (full 0):
 PSYoungGen      total 37888K, used 32704K [0x00000000d6200000, 0x00000000d8c00000, 0x0000000100000000)
  eden space 32768K, 99% used [0x00000000d6200000,0x00000000d81f0028,0x00000000d8200000)
  from space 5120K, 0% used [0x00000000d8700000,0x00000000d8700000,0x00000000d8c00000)
  to   space 5120K, 0% used [0x00000000d8200000,0x00000000d8200000,0x00000000d8700000)
 ParOldGen       total 86016K, used 0K [0x0000000082600000, 0x0000000087a00000, 0x00000000d6200000)
  object space 86016K, 0% used [0x0000000082600000,0x0000000082600000,0x0000000087a00000)
 Metaspace       used 14886K, capacity 15434K, committed 15488K, reserved 1062912K
  class space    used 2226K, capacity 2398K, committed 2432K, reserved 1048576K
Event: 0.898 GC heap after
Heap after GC invocations=1 (full 0):
 PSYoungGen      total 37888K, used 5106K [0x00000000d6200000, 0x00000000d8c00000, 0x0000000100000000)
  eden space 32768K, 0% used [0x00000000d6200000,0x00000000d6200000,0x00000000d8200000)
  from space 5120K, 99% used [0x00000000d8200000,0x00000000d86fcad0,0x00000000d8700000)
  to   space 5120K, 0% used [0x00000000d8700000,0x00000000d8700000,0x00000000d8c00000)
 ParOldGen       total 86016K, used 1169K [0x0000000082600000, 0x0000000087a00000, 0x00000000d6200000)
  object space 86016K, 1% used [0x0000000082600000,0x0000000082724600,0x0000000087a00000)
 Metaspace       used 14886K, capacity 15434K, committed 15488K, reserved 1062912K
  class space    used 2226K, capacity 2398K, committed 2432K, reserved 1048576K
}
Event: 2.593 GC heap before
{Heap before GC invocations=2 (full 0):
 PSYoungGen      total 37888K, used 24822K [0x00000000d6200000, 0x00000000d8c00000, 0x0000000100000000)
  eden space 32768K, 60% used [0x00000000d6200000,0x00000000d7540ea0,0x00000000d8200000)
  from space 5120K, 99% used [0x00000000d8200000,0x00000000d86fcad0,0x00000000d8700000)
  to   space 5120K, 0% used [0x00000000d8700000,0x00000000d8700000,0x00000000d8c00000)
 ParOldGen       total 86016K, used 1169K [0x0000000082600000, 0x0000000087a00000, 0x00000000d6200000)
  object space 86016K, 1% used [0x0000000082600000,0x0000000082724600,0x0000000087a00000)
 Metaspace       used 20047K, capacity 21138K, committed 21248K, reserved 1067008K
  class space    used 2993K, capacity 3222K, committed 3328K, reserved 1048576K
Event: 2.602 GC heap after
Heap after GC invocations=2 (full 0):
 PSYoungGen      total 37888K, used 5088K [0x00000000d6200000, 0x00000000d8c00000, 0x0000000100000000)
  eden space 32768K, 0% used [0x00000000d6200000,0x00000000d6200000,0x00000000d8200000)
  from space 5120K, 99% used [0x00000000d8700000,0x00000000d8bf8050,0x00000000d8c00000)
  to   space 5120K, 0% used [0x00000000d8200000,0x00000000d8200000,0x00000000d8700000)
 ParOldGen       total 86016K, used 4124K [0x0000000082600000, 0x0000000087a00000, 0x00000000d6200000)
  object space 86016K, 4% used [0x0000000082600000,0x0000000082a070b0,0x0000000087a00000)
 Metaspace       used 20047K, capacity 21138K, committed 21248K, reserved 1067008K
  class space    used 2993K, capacity 3222K, committed 3328K, reserved 1048576K
}
Event: 2.602 GC heap before
{Heap before GC invocations=3 (full 1):
 PSYoungGen      total 37888K, used 5088K [0x00000000d6200000, 0x00000000d8c00000, 0x0000000100000000)
  eden space 32768K, 0% used [0x00000000d6200000,0x00000000d6200000,0x00000000d8200000)
  from space 5120K, 99% used [0x00000000d8700000,0x00000000d8bf8050,0x00000000d8c00000)
  to   space 5120K, 0% used [0x00000000d8200000,0x00000000d8200000,0x00000000d8700000)
 ParOldGen       total 86016K, used 4124K [0x0000000082600000, 0x0000000087a00000, 0x00000000d6200000)
  object space 86016K, 4% used [0x0000000082600000,0x0000000082a070b0,0x0000000087a00000)
 Metaspace       used 20047K, capacity 21138K, committed 21248K, reserved 1067008K
  class space    used 2993K, capacity 3222K, committed 3328K, reserved 1048576K
Event: 2.637 GC heap after
Heap after GC invocations=3 (full 1):
 PSYoungGen      total 37888K, used 0K [0x00000000d6200000, 0x00000000d8c00000, 0x0000000100000000)
  eden space 32768K, 0% used [0x00000000d6200000,0x00000000d6200000,0x00000000d8200000)
  from space 5120K, 0% used [0x00000000d8700000,0x00000000d8700000,0x00000000d8c00000)
  to   space 5120K, 0% used [0x00000000d8200000,0x00000000d8200000,0x00000000d8700000)
 ParOldGen       total 68096K, used 8864K [0x0000000082600000, 0x0000000086880000, 0x00000000d6200000)
  object space 68096K, 13% used [0x0000000082600000,0x0000000082ea82f0,0x0000000086880000)
 Metaspace       used 20047K, capacity 21138K, committed 21248K, reserved 1067008K
  class space    used 2993K, capacity 3222K, committed 3328K, reserved 1048576K
}
Event: 3.553 GC heap before
{Heap before GC invocations=4 (full 1):
 PSYoungGen      total 37888K, used 32768K [0x00000000d6200000, 0x00000000d8c00000, 0x0000000100000000)
  eden space 32768K, 100% used [0x00000000d6200000,0x00000000d8200000,0x00000000d8200000)
  from space 5120K, 0% used [0x00000000d8700000,0x00000000d8700000,0x00000000d8c00000)
  to   space 5120K, 0% used [0x00000000d8200000,0x00000000d8200000,0x00000000d8700000)
 ParOldGen       total 68096K, used 8864K [0x0000000082600000, 0x0000000086880000, 0x00000000d6200000)
  object space 68096K, 13% used [0x0000000082600000,0x0000000082ea82f0,0x0000000086880000)
 Metaspace       used 22925K, capacity 24622K, committed 24832K, reserved 1071104K
  class space    used 3427K, capacity 3732K, committed 3840K, reserved 1048576K
Event: 3.565 GC heap after
Heap after GC invocations=4 (full 1):
 PSYoungGen      total 37888K, used 5120K [0x00000000d6200000, 0x00000000d9880000, 0x0000000100000000)
  eden space 32768K, 0% used [0x00000000d6200000,0x00000000d6200000,0x00000000d8200000)
  from space 5120K, 100% used [0x00000000d8200000,0x00000000d8700000,0x00000000d8700000)
  to   space 5120K, 0% used [0x00000000d9380000,0x00000000d9380000,0x00000000d9880000)
 ParOldGen       total 68096K, used 11976K [0x0000000082600000, 0x0000000086880000, 0x00000000d6200000)
  object space 68096K, 17% used [0x0000000082600000,0x00000000831b2310,0x0000000086880000)
 Metaspace       used 22925K, capacity 24622K, committed 24832K, reserved 1071104K
  class space    used 3427K, capacity 3732K, committed 3840K, reserved 1048576K
}
Event: 172.909 GC heap before
{Heap before GC invocations=5 (full 1):
 PSYoungGen      total 37888K, used 37888K [0x00000000d6200000, 0x00000000d9880000, 0x0000000100000000)
  eden space 32768K, 100% used [0x00000000d6200000,0x00000000d8200000,0x00000000d8200000)
  from space 5120K, 100% used [0x00000000d8200000,0x00000000d8700000,0x00000000d8700000)
  to   space 5120K, 0% used [0x00000000d9380000,0x00000000d9380000,0x00000000d9880000)
 ParOldGen       total 68096K, used 11976K [0x0000000082600000, 0x0000000086880000, 0x00000000d6200000)
  object space 68096K, 17% used [0x0000000082600000,0x00000000831b2310,0x0000000086880000)
 Metaspace       used 25314K, capacity 27144K, committed 27392K, reserved 1073152K
  class space    used 3644K, capacity 3981K, committed 4096K, reserved 1048576K
Event: 172.924 GC heap after
Heap after GC invocations=5 (full 1):
 PSYoungGen      total 37888K, used 5120K [0x00000000d6200000, 0x00000000d9880000, 0x0000000100000000)
  eden space 32768K, 0% used [0x00000000d6200000,0x00000000d6200000,0x00000000d8200000)
  from space 5120K, 100% used [0x00000000d9380000,0x00000000d9880000,0x00000000d9880000)
  to   space 5120K, 0% used [0x00000000d8200000,0x00000000d8200000,0x00000000d8700000)
 ParOldGen       total 68096K, used 15649K [0x0000000082600000, 0x0000000086880000, 0x00000000d6200000)
  object space 68096K, 22% used [0x0000000082600000,0x0000000083548750,0x0000000086880000)
 Metaspace       used 25314K, capacity 27144K, committed 27392K, reserved 1073152K
  class space    used 3644K, capacity 3981K, committed 4096K, reserved 1048576K
}

