# JRE version: Java(TM) SE Runtime Environment (8.0_131-b11) (build 1.8.0_131-b11)
# Java VM: Java HotSpot(TM) 64-Bit Server VM (25.131-b11 mixed mode windows-amd64 compressed oops)
Heap:
 PSYoungGen      total 37888K, used 16940K [0x00000000d6200000, 0x00000000d8c00000, 0x0000000100000000)
  eden space 32768K, 36% used [0x00000000d6200000,0x00000000d6d8b268,0x00000000d8200000)
  from space 5120K, 100% used [0x00000000d8200000,0x00000000d8700000,0x00000000d8700000)
  to   space 5120K, 0% used [0x00000000d8700000,0x00000000d8700000,0x00000000d8c00000)
 ParOldGen       total 86016K, used 22345K [0x0000000082600000, 0x0000000087a00000, 0x00000000d6200000)
  object space 86016K, 25% used [0x0000000082600000,0x0000000083bd26a0,0x0000000087a00000)
 Metaspace       used 25998K, capacity 27856K, committed 28160K, reserved 1073152K
  class space    used 3693K, capacity 4015K, committed 4096K, reserved 1048576K
GC Heap History (10 events):
Event: 2.068 GC heap before
{Heap before GC invocations=2 (full 0):
 PSYoungGen      total 37888K, used 9812K [0x00000000d6200000, 0x00000000d8c00000, 0x0000000100000000)
  eden space 32768K, 14% used [0x00000000d6200000,0x00000000d6698620,0x00000000d8200000)
  from space 5120K, 99% used [0x00000000d8200000,0x00000000d86fcad0,0x00000000d8700000)
  to   space 5120K, 0% used [0x00000000d8700000,0x00000000d8700000,0x00000000d8c00000)
 ParOldGen       total 86016K, used 1159K [0x0000000082600000, 0x0000000087a00000, 0x00000000d6200000)
  object space 86016K, 1% used [0x0000000082600000,0x0000000082721df0,0x0000000087a00000)
 Metaspace       used 16765K, capacity 17438K, committed 17536K, reserved 1064960K
  class space    used 2454K, capacity 2634K, committed 2688K, reserved 1048576K
Event: 2.073 GC heap after
Heap after GC invocations=2 (full 0):
 PSYoungGen      total 37888K, used 4466K [0x00000000d6200000, 0x00000000d8c00000, 0x0000000100000000)
  eden space 32768K, 0% used [0x00000000d6200000,0x00000000d6200000,0x00000000d8200000)
  from space 5120K, 87% used [0x00000000d8700000,0x00000000d8b5cad0,0x00000000d8c00000)
  to   space 5120K, 0% used [0x00000000d8200000,0x00000000d8200000,0x00000000d8700000)
 ParOldGen       total 86016K, used 5263K [0x0000000082600000, 0x0000000087a00000, 0x00000000d6200000)
  object space 86016K, 6% used [0x0000000082600000,0x0000000082b23e10,0x0000000087a00000)
 Metaspace       used 16765K, capacity 17438K, committed 17536K, reserved 1064960K
  class space    used 2454K, capacity 2634K, committed 2688K, reserved 1048576K
}
Event: 2.073 GC heap before
{Heap before GC invocations=3 (full 1):
 PSYoungGen      total 37888K, used 4466K [0x00000000d6200000, 0x00000000d8c00000, 0x0000000100000000)
  eden space 32768K, 0% used [0x00000000d6200000,0x00000000d6200000,0x00000000d8200000)
  from space 5120K, 87% used [0x00000000d8700000,0x00000000d8b5cad0,0x00000000d8c00000)
  to   space 5120K, 0% used [0x00000000d8200000,0x00000000d8200000,0x00000000d8700000)
 ParOldGen       total 86016K, used 5263K [0x0000000082600000, 0x0000000087a00000, 0x00000000d6200000)
  object space 86016K, 6% used [0x0000000082600000,0x0000000082b23e10,0x0000000087a00000)
 Metaspace       used 16765K, capacity 17438K, committed 17536K, reserved 1064960K
  class space    used 2454K, capacity 2634K, committed 2688K, reserved 1048576K
Event: 2.098 GC heap after
Heap after GC invocations=3 (full 1):
 PSYoungGen      total 37888K, used 0K [0x00000000d6200000, 0x00000000d8c00000, 0x0000000100000000)
  eden space 32768K, 0% used [0x00000000d6200000,0x00000000d6200000,0x00000000d8200000)
  from space 5120K, 0% used [0x00000000d8700000,0x00000000d8700000,0x00000000d8c00000)
  to   space 5120K, 0% used [0x00000000d8200000,0x00000000d8200000,0x00000000d8700000)
 ParOldGen       total 86016K, used 7283K [0x0000000082600000, 0x0000000087a00000, 0x00000000d6200000)
  object space 86016K, 8% used [0x0000000082600000,0x0000000082d1cd90,0x0000000087a00000)
 Metaspace       used 16765K, capacity 17438K, committed 17536K, reserved 1064960K
  class space    used 2454K, capacity 2634K, committed 2688K, reserved 1048576K
}
Event: 3.569 GC heap before
{Heap before GC invocations=4 (full 1):
 PSYoungGen      total 37888K, used 32768K [0x00000000d6200000, 0x00000000d8c00000, 0x0000000100000000)
  eden space 32768K, 100% used [0x00000000d6200000,0x00000000d8200000,0x00000000d8200000)
  from space 5120K, 0% used [0x00000000d8700000,0x00000000d8700000,0x00000000d8c00000)
  to   space 5120K, 0% used [0x00000000d8200000,0x00000000d8200000,0x00000000d8700000)
 ParOldGen       total 86016K, used 7283K [0x0000000082600000, 0x0000000087a00000, 0x00000000d6200000)
  object space 86016K, 8% used [0x0000000082600000,0x0000000082d1cd90,0x0000000087a00000)
 Metaspace       used 22065K, capacity 23528K, committed 23680K, reserved 1069056K
  class space    used 3312K, capacity 3589K, committed 3712K, reserved 1048576K
Event: 3.579 GC heap after
Heap after GC invocations=4 (full 1):
 PSYoungGen      total 37888K, used 4800K [0x00000000d6200000, 0x00000000d8c00000, 0x0000000100000000)
  eden space 32768K, 0% used [0x00000000d6200000,0x00000000d6200000,0x00000000d8200000)
  from space 5120K, 93% used [0x00000000d8200000,0x00000000d86b0000,0x00000000d8700000)
  to   space 5120K, 0% used [0x00000000d8700000,0x00000000d8700000,0x00000000d8c00000)
 ParOldGen       total 86016K, used 7291K [0x0000000082600000, 0x0000000087a00000, 0x00000000d6200000)
  object space 86016K, 8% used [0x0000000082600000,0x0000000082d1ed90,0x0000000087a00000)
 Metaspace       used 22065K, capacity 23528K, committed 23680K, reserved 1069056K
  class space    used 3312K, capacity 3589K, committed 3712K, reserved 1048576K
}
Event: 14.274 GC heap before
{Heap before GC invocations=5 (full 1):
 PSYoungGen      total 37888K, used 37568K [0x00000000d6200000, 0x00000000d8c00000, 0x0000000100000000)
  eden space 32768K, 100% used [0x00000000d6200000,0x00000000d8200000,0x00000000d8200000)
  from space 5120K, 93% used [0x00000000d8200000,0x00000000d86b0000,0x00000000d8700000)
  to   space 5120K, 0% used [0x00000000d8700000,0x00000000d8700000,0x00000000d8c00000)
 ParOldGen       total 86016K, used 7291K [0x0000000082600000, 0x0000000087a00000, 0x00000000d6200000)
  object space 86016K, 8% used [0x0000000082600000,0x0000000082d1ed90,0x0000000087a00000)
 Metaspace       used 24498K, capacity 26294K, committed 26368K, reserved 1071104K
  class space    used 3521K, capacity 3838K, committed 3840K, reserved 1048576K
Event: 14.287 GC heap after
Heap after GC invocations=5 (full 1):
 PSYoungGen      total 37888K, used 5120K [0x00000000d6200000, 0x00000000d8c00000, 0x0000000100000000)
  eden space 32768K, 0% used [0x00000000d6200000,0x00000000d6200000,0x00000000d8200000)
  from space 5120K, 100% used [0x00000000d8700000,0x00000000d8c00000,0x00000000d8c00000)
  to   space 5120K, 0% used [0x00000000d8200000,0x00000000d8200000,0x00000000d8700000)
 ParOldGen       total 86016K, used 14977K [0x0000000082600000, 0x0000000087a00000, 0x00000000d6200000)
  object space 86016K, 17% used [0x0000000082600000,0x00000000834a0670,0x0000000087a00000)
 Metaspace       used 24498K, capacity 26294K, committed 26368K, reserved 1071104K
  class space    used 3521K, capacity 3838K, committed 3840K, reserved 1048576K
}
Event: 28.366 GC heap before
{Heap before GC invocations=6 (full 1):
 PSYoungGen      total 37888K, used 37888K [0x00000000d6200000, 0x00000000d8c00000, 0x0000000100000000)
  eden space 32768K, 100% used [0x00000000d6200000,0x00000000d8200000,0x00000000d8200000)
  from space 5120K, 100% used [0x00000000d8700000,0x00000000d8c00000,0x00000000d8c00000)
  to   space 5120K, 0% used [0x00000000d8200000,0x00000000d8200000,0x00000000d8700000)
 ParOldGen       total 86016K, used 14977K [0x0000000082600000, 0x0000000087a00000, 0x00000000d6200000)
  object space 86016K, 17% used [0x0000000082600000,0x00000000834a0670,0x0000000087a00000)
 Metaspace       used 25366K, capacity 27180K, committed 27520K, reserved 1073152K
  class space    used 3568K, capacity 3887K, committed 3968K, reserved 1048576K
Event: 28.381 GC heap after
Heap after GC invocations=6 (full 1):
 PSYoungGen      total 37888K, used 5120K [0x00000000d6200000, 0x00000000d8c00000, 0x0000000100000000)
  eden space 32768K, 0% used [0x00000000d6200000,0x00000000d6200000,0x00000000d8200000)
  from space 5120K, 100% used [0x00000000d8200000,0x00000000d8700000,0x00000000d8700000)
  to   space 5120K, 0% used [0x00000000d8700000,0x00000000d8700000,0x00000000d8c00000)
 ParOldGen       total 86016K, used 22345K [0x0000000082600000, 0x0000000087a00000, 0x00000000d6200000)
  object space 86016K, 25% used [0x0000000082600000,0x0000000083bd26a0,0x0000000087a00000)
 Metaspace       used 25366K, capacity 27180K, committed 27520K, reserved 1073152K
  class space    used 3568K, capacity 3887K, committed 3968K, reserved 1048576K
}

