# JRE version: Java(TM) SE Runtime Environment (8.0_131-b11) (build 1.8.0_131-b11)
# Java VM: Java HotSpot(TM) 64-Bit Server VM (25.131-b11 mixed mode windows-amd64 compressed oops)
Heap:
 PSYoungGen      total 48128K, used 5611K [0x00000000d6200000, 0x00000000da600000, 0x0000000100000000)
  eden space 43008K, 1% used [0x00000000d6200000,0x00000000d627afd0,0x00000000d8c00000)
  from space 5120K, 100% used [0x00000000d8e80000,0x00000000d9380000,0x00000000d9380000)
  to   space 13312K, 0% used [0x00000000d9900000,0x00000000d9900000,0x00000000da600000)
 ParOldGen       total 71168K, used 24070K [0x0000000082600000, 0x0000000086b80000, 0x00000000d6200000)
  object space 71168K, 33% used [0x0000000082600000,0x0000000083d81a00,0x0000000086b80000)
 Metaspace       used 26178K, capacity 28074K, committed 28416K, reserved 1073152K
  class space    used 3695K, capacity 4008K, committed 4096K, reserved 1048576K
GC Heap History (10 events):
Event: 2.234 GC heap before
{Heap before GC invocations=2 (full 0):
 PSYoungGen      total 37888K, used 24793K [0x00000000d6200000, 0x00000000d8c00000, 0x0000000100000000)
  eden space 32768K, 60% used [0x00000000d6200000,0x00000000d753da80,0x00000000d8200000)
  from space 5120K, 99% used [0x00000000d8200000,0x00000000d86f8ac0,0x00000000d8700000)
  to   space 5120K, 0% used [0x00000000d8700000,0x00000000d8700000,0x00000000d8c00000)
 ParOldGen       total 86016K, used 1207K [0x0000000082600000, 0x0000000087a00000, 0x00000000d6200000)
  object space 86016K, 1% used [0x0000000082600000,0x000000008272ddf0,0x0000000087a00000)
 Metaspace       used 20065K, capacity 21172K, committed 21248K, reserved 1067008K
  class space    used 2997K, capacity 3255K, committed 3328K, reserved 1048576K
Event: 2.241 GC heap after
Heap after GC invocations=2 (full 0):
 PSYoungGen      total 37888K, used 5104K [0x00000000d6200000, 0x00000000d8c00000, 0x0000000100000000)
  eden space 32768K, 0% used [0x00000000d6200000,0x00000000d6200000,0x00000000d8200000)
  from space 5120K, 99% used [0x00000000d8700000,0x00000000d8bfc060,0x00000000d8c00000)
  to   space 5120K, 0% used [0x00000000d8200000,0x00000000d8200000,0x00000000d8700000)
 ParOldGen       total 86016K, used 6218K [0x0000000082600000, 0x0000000087a00000, 0x00000000d6200000)
  object space 86016K, 7% used [0x0000000082600000,0x0000000082c128a0,0x0000000087a00000)
 Metaspace       used 20065K, capacity 21172K, committed 21248K, reserved 1067008K
  class space    used 2997K, capacity 3255K, committed 3328K, reserved 1048576K
}
Event: 2.241 GC heap before
{Heap before GC invocations=3 (full 1):
 PSYoungGen      total 37888K, used 5104K [0x00000000d6200000, 0x00000000d8c00000, 0x0000000100000000)
  eden space 32768K, 0% used [0x00000000d6200000,0x00000000d6200000,0x00000000d8200000)
  from space 5120K, 99% used [0x00000000d8700000,0x00000000d8bfc060,0x00000000d8c00000)
  to   space 5120K, 0% used [0x00000000d8200000,0x00000000d8200000,0x00000000d8700000)
 ParOldGen       total 86016K, used 6218K [0x0000000082600000, 0x0000000087a00000, 0x00000000d6200000)
  object space 86016K, 7% used [0x0000000082600000,0x0000000082c128a0,0x0000000087a00000)
 Metaspace       used 20065K, capacity 21172K, committed 21248K, reserved 1067008K
  class space    used 2997K, capacity 3255K, committed 3328K, reserved 1048576K
Event: 2.272 GC heap after
Heap after GC invocations=3 (full 1):
 PSYoungGen      total 37888K, used 0K [0x00000000d6200000, 0x00000000d8c00000, 0x0000000100000000)
  eden space 32768K, 0% used [0x00000000d6200000,0x00000000d6200000,0x00000000d8200000)
  from space 5120K, 0% used [0x00000000d8700000,0x00000000d8700000,0x00000000d8c00000)
  to   space 5120K, 0% used [0x00000000d8200000,0x00000000d8200000,0x00000000d8700000)
 ParOldGen       total 71168K, used 8876K [0x0000000082600000, 0x0000000086b80000, 0x00000000d6200000)
  object space 71168K, 12% used [0x0000000082600000,0x0000000082eab110,0x0000000086b80000)
 Metaspace       used 20065K, capacity 21172K, committed 21248K, reserved 1067008K
  class space    used 2997K, capacity 3255K, committed 3328K, reserved 1048576K
}
Event: 3.108 GC heap before
{Heap before GC invocations=4 (full 1):
 PSYoungGen      total 37888K, used 32768K [0x00000000d6200000, 0x00000000d8c00000, 0x0000000100000000)
  eden space 32768K, 100% used [0x00000000d6200000,0x00000000d8200000,0x00000000d8200000)
  from space 5120K, 0% used [0x00000000d8700000,0x00000000d8700000,0x00000000d8c00000)
  to   space 5120K, 0% used [0x00000000d8200000,0x00000000d8200000,0x00000000d8700000)
 ParOldGen       total 71168K, used 8876K [0x0000000082600000, 0x0000000086b80000, 0x00000000d6200000)
  object space 71168K, 12% used [0x0000000082600000,0x0000000082eab110,0x0000000086b80000)
 Metaspace       used 22972K, capacity 24688K, committed 24832K, reserved 1071104K
  class space    used 3432K, capacity 3733K, committed 3840K, reserved 1048576K
Event: 3.121 GC heap after
Heap after GC invocations=4 (full 1):
 PSYoungGen      total 37888K, used 5120K [0x00000000d6200000, 0x00000000d9880000, 0x0000000100000000)
  eden space 32768K, 0% used [0x00000000d6200000,0x00000000d6200000,0x00000000d8200000)
  from space 5120K, 100% used [0x00000000d8200000,0x00000000d8700000,0x00000000d8700000)
  to   space 5120K, 0% used [0x00000000d9380000,0x00000000d9380000,0x00000000d9880000)
 ParOldGen       total 71168K, used 12024K [0x0000000082600000, 0x0000000086b80000, 0x00000000d6200000)
  object space 71168K, 16% used [0x0000000082600000,0x00000000831be120,0x0000000086b80000)
 Metaspace       used 22972K, capacity 24688K, committed 24832K, reserved 1071104K
  class space    used 3432K, capacity 3733K, committed 3840K, reserved 1048576K
}
Event: 77.332 GC heap before
{Heap before GC invocations=5 (full 1):
 PSYoungGen      total 37888K, used 37888K [0x00000000d6200000, 0x00000000d9880000, 0x0000000100000000)
  eden space 32768K, 100% used [0x00000000d6200000,0x00000000d8200000,0x00000000d8200000)
  from space 5120K, 100% used [0x00000000d8200000,0x00000000d8700000,0x00000000d8700000)
  to   space 5120K, 0% used [0x00000000d9380000,0x00000000d9380000,0x00000000d9880000)
 ParOldGen       total 71168K, used 12024K [0x0000000082600000, 0x0000000086b80000, 0x00000000d6200000)
  object space 71168K, 16% used [0x0000000082600000,0x00000000831be120,0x0000000086b80000)
 Metaspace       used 24888K, capacity 26572K, committed 26624K, reserved 1073152K
  class space    used 3531K, capacity 3833K, committed 3840K, reserved 1048576K
Event: 77.347 GC heap after
Heap after GC invocations=5 (full 1):
 PSYoungGen      total 48640K, used 5120K [0x00000000d6200000, 0x00000000d9880000, 0x0000000100000000)
  eden space 43520K, 0% used [0x00000000d6200000,0x00000000d6200000,0x00000000d8c80000)
  from space 5120K, 100% used [0x00000000d9380000,0x00000000d9880000,0x00000000d9880000)
  to   space 5120K, 0% used [0x00000000d8e80000,0x00000000d8e80000,0x00000000d9380000)
 ParOldGen       total 71168K, used 17276K [0x0000000082600000, 0x0000000086b80000, 0x00000000d6200000)
  object space 71168K, 24% used [0x0000000082600000,0x00000000836df140,0x0000000086b80000)
 Metaspace       used 24888K, capacity 26572K, committed 26624K, reserved 1073152K
  class space    used 3531K, capacity 3833K, committed 3840K, reserved 1048576K
}
Event: 121.489 GC heap before
{Heap before GC invocations=6 (full 1):
 PSYoungGen      total 48640K, used 48640K [0x00000000d6200000, 0x00000000d9880000, 0x0000000100000000)
  eden space 43520K, 100% used [0x00000000d6200000,0x00000000d8c80000,0x00000000d8c80000)
  from space 5120K, 100% used [0x00000000d9380000,0x00000000d9880000,0x00000000d9880000)
  to   space 5120K, 0% used [0x00000000d8e80000,0x00000000d8e80000,0x00000000d9380000)
 ParOldGen       total 71168K, used 17276K [0x0000000082600000, 0x0000000086b80000, 0x00000000d6200000)
  object space 71168K, 24% used [0x0000000082600000,0x00000000836df140,0x0000000086b80000)
 Metaspace       used 26172K, capacity 28062K, committed 28160K, reserved 1073152K
  class space    used 3693K, capacity 4006K, committed 4096K, reserved 1048576K
Event: 121.514 GC heap after
Heap after GC invocations=6 (full 1):
 PSYoungGen      total 48128K, used 5120K [0x00000000d6200000, 0x00000000da600000, 0x0000000100000000)
  eden space 43008K, 0% used [0x00000000d6200000,0x00000000d6200000,0x00000000d8c00000)
  from space 5120K, 100% used [0x00000000d8e80000,0x00000000d9380000,0x00000000d9380000)
  to   space 13312K, 0% used [0x00000000d9900000,0x00000000d9900000,0x00000000da600000)
 ParOldGen       total 71168K, used 24070K [0x0000000082600000, 0x0000000086b80000, 0x00000000d6200000)
  object space 71168K, 33% used [0x0000000082600000,0x0000000083d81a00,0x0000000086b80000)
 Metaspace       used 26172K, capacity 28062K, committed 28160K, reserved 1073152K
  class space    used 3693K, capacity 4006K, committed 4096K, reserved 1048576K
}

